[金恒创智] 2016-04-15 16:01:57 [INFO ] (ContextLoader:307) Root WebApplicationContext: initialization started
[金恒创智] 2016-04-15 16:01:57 [INFO ] (XmlWebApplicationContext:573) Refreshing Root WebApplicationContext: startup date [Fri Apr 15 16:01:57 CST 2016]; root of context hierarchy
[金恒创智] 2016-04-15 16:01:57 [INFO ] (XmlBeanDefinitionReader:317) Loading XML bean definitions from URL [file:/G:/Workspace/manage_web/WebRoot/WEB-INF/classes/spring-context.xml]
[金恒创智] 2016-04-15 16:01:58 [INFO ] (XmlBeanDefinitionReader:317) Loading XML bean definitions from URL [file:/G:/Workspace/manage_web/WebRoot/WEB-INF/classes/spring-mybatis.xml]
[金恒创智] 2016-04-15 16:01:58 [INFO ] (PropertyPlaceholderConfigurer:172) Loading properties file from class path resource [jdbc.properties]
[金恒创智] 2016-04-15 16:01:58 [INFO ] (ContextLoader:347) Root WebApplicationContext: initialization completed in 921 ms
[金恒创智] 2016-04-15 16:01:58 [INFO ] (ApplicationLifecycleListener:50) Starting application......
[金恒创智] 2016-04-15 16:01:58 [INFO ] (DispatcherServlet:488) FrameworkServlet 'springMVC': initialization started
[金恒创智] 2016-04-15 16:01:58 [INFO ] (XmlWebApplicationContext:573) Refreshing WebApplicationContext for namespace 'springMVC-servlet': startup date [Fri Apr 15 16:01:58 CST 2016]; parent: Root WebApplicationContext
[金恒创智] 2016-04-15 16:01:58 [INFO ] (XmlBeanDefinitionReader:317) Loading XML bean definitions from URL [file:/G:/Workspace/manage_web/WebRoot/WEB-INF/classes/spring-web.xml]
[金恒创智] 2016-04-15 16:01:59 [INFO ] (DefaultAnnotationHandlerMapping:341) Mapped URL path [/articleController/findArticlePageByCatalogId.action] onto handler 'articleController'
[金恒创智] 2016-04-15 16:01:59 [INFO ] (DefaultAnnotationHandlerMapping:341) Mapped URL path [/articleController/queryArticlePageByCatalogId.action] onto handler 'articleController'
[金恒创智] 2016-04-15 16:01:59 [INFO ] (DefaultAnnotationHandlerMapping:341) Mapped URL path [/functionCatalog/queryFunctionCatalog.action] onto handler 'functionCatalogController'
[金恒创智] 2016-04-15 16:01:59 [INFO ] (DefaultAnnotationHandlerMapping:341) Mapped URL path [/greeting.action] onto handler 'helloController'
[金恒创智] 2016-04-15 16:01:59 [INFO ] (DefaultAnnotationHandlerMapping:341) Mapped URL path [/insertMessage.action] onto handler 'registerController'
[金恒创智] 2016-04-15 16:01:59 [INFO ] (DefaultAnnotationHandlerMapping:341) Mapped URL path [/getTicket.action] onto handler 'ticketController'
[金恒创智] 2016-04-15 16:01:59 [INFO ] (DispatcherServlet:507) FrameworkServlet 'springMVC': initialization completed in 921 ms
[金恒创智] 2016-04-15 16:02:10 [INFO ] (RegisterController:49) 开始执行 [com.jhcz.web.controller.RegisterController.insertMessage联系我们留言]
[金恒创智] 2016-04-15 16:02:21 [INFO ] (RegisterController:57) 执行完成 [com.jhcz.web.controller.RegisterController.insertMessage联系我们留言] times=10715 millisecond
[金恒创智] 2016-04-15 16:04:00 [INFO ] (RegisterController:49) 开始执行 [com.jhcz.web.controller.RegisterController.insertMessage联系我们留言]
[金恒创智] 2016-04-15 16:04:12 [INFO ] (RegisterController:57) 执行完成 [com.jhcz.web.controller.RegisterController.insertMessage联系我们留言] times=12666 millisecond
[金恒创智] 2016-04-15 16:04:21 [INFO ] (ContextLoader:307) Root WebApplicationContext: initialization started
[金恒创智] 2016-04-15 16:04:21 [INFO ] (XmlWebApplicationContext:573) Refreshing Root WebApplicationContext: startup date [Fri Apr 15 16:04:21 CST 2016]; root of context hierarchy
[金恒创智] 2016-04-15 16:04:21 [INFO ] (XmlBeanDefinitionReader:317) Loading XML bean definitions from URL [file:/G:/Workspace/manage_web/WebRoot/WEB-INF/classes/spring-context.xml]
[金恒创智] 2016-04-15 16:04:21 [INFO ] (XmlBeanDefinitionReader:317) Loading XML bean definitions from URL [file:/G:/Workspace/manage_web/WebRoot/WEB-INF/classes/spring-mybatis.xml]
[金恒创智] 2016-04-15 16:04:22 [INFO ] (PropertyPlaceholderConfigurer:172) Loading properties file from class path resource [jdbc.properties]
[金恒创智] 2016-04-15 16:04:22 [INFO ] (ContextLoader:347) Root WebApplicationContext: initialization completed in 981 ms
[金恒创智] 2016-04-15 16:04:22 [INFO ] (ApplicationLifecycleListener:50) Starting application......
[金恒创智] 2016-04-15 16:04:22 [INFO ] (DispatcherServlet:488) FrameworkServlet 'springMVC': initialization started
[金恒创智] 2016-04-15 16:04:22 [INFO ] (XmlWebApplicationContext:573) Refreshing WebApplicationContext for namespace 'springMVC-servlet': startup date [Fri Apr 15 16:04:22 CST 2016]; parent: Root WebApplicationContext
[金恒创智] 2016-04-15 16:04:22 [INFO ] (XmlBeanDefinitionReader:317) Loading XML bean definitions from URL [file:/G:/Workspace/manage_web/WebRoot/WEB-INF/classes/spring-web.xml]
[金恒创智] 2016-04-15 16:04:23 [INFO ] (DefaultAnnotationHandlerMapping:341) Mapped URL path [/articleController/findArticlePageByCatalogId.action] onto handler 'articleController'
[金恒创智] 2016-04-15 16:04:23 [INFO ] (DefaultAnnotationHandlerMapping:341) Mapped URL path [/articleController/queryArticlePageByCatalogId.action] onto handler 'articleController'
[金恒创智] 2016-04-15 16:04:23 [INFO ] (DefaultAnnotationHandlerMapping:341) Mapped URL path [/functionCatalog/queryFunctionCatalog.action] onto handler 'functionCatalogController'
[金恒创智] 2016-04-15 16:04:23 [INFO ] (DefaultAnnotationHandlerMapping:341) Mapped URL path [/greeting.action] onto handler 'helloController'
[金恒创智] 2016-04-15 16:04:23 [INFO ] (DefaultAnnotationHandlerMapping:341) Mapped URL path [/insertMessage.action] onto handler 'registerController'
[金恒创智] 2016-04-15 16:04:23 [INFO ] (DefaultAnnotationHandlerMapping:341) Mapped URL path [/getTicket.action] onto handler 'ticketController'
[金恒创智] 2016-04-15 16:04:23 [INFO ] (DispatcherServlet:507) FrameworkServlet 'springMVC': initialization completed in 921 ms
[金恒创智] 2016-04-15 16:04:31 [INFO ] (RegisterController:49) 开始执行 [com.jhcz.web.controller.RegisterController.insertMessage联系我们留言]
[金恒创智] 2016-04-15 16:04:57 [INFO ] (RegisterController:57) 执行完成 [com.jhcz.web.controller.RegisterController.insertMessage联系我们留言] times=26224 millisecond
[金恒创智] 2016-04-15 16:25:40 [INFO ] (ContextLoader:307) Root WebApplicationContext: initialization started
[金恒创智] 2016-04-15 16:25:40 [INFO ] (XmlWebApplicationContext:573) Refreshing Root WebApplicationContext: startup date [Fri Apr 15 16:25:40 CST 2016]; root of context hierarchy
[金恒创智] 2016-04-15 16:25:40 [INFO ] (XmlBeanDefinitionReader:317) Loading XML bean definitions from URL [file:/G:/Workspace/manage_web/WebRoot/WEB-INF/classes/spring-context.xml]
[金恒创智] 2016-04-15 16:25:41 [INFO ] (XmlBeanDefinitionReader:317) Loading XML bean definitions from URL [file:/G:/Workspace/manage_web/WebRoot/WEB-INF/classes/spring-mybatis.xml]
[金恒创智] 2016-04-15 16:25:41 [INFO ] (PropertyPlaceholderConfigurer:172) Loading properties file from class path resource [jdbc.properties]
[金恒创智] 2016-04-15 16:25:41 [INFO ] (ContextLoader:347) Root WebApplicationContext: initialization completed in 997 ms
[金恒创智] 2016-04-15 16:25:41 [INFO ] (ApplicationLifecycleListener:50) Starting application......
[金恒创智] 2016-04-15 16:25:41 [INFO ] (DispatcherServlet:488) FrameworkServlet 'springMVC': initialization started
[金恒创智] 2016-04-15 16:25:41 [INFO ] (XmlWebApplicationContext:573) Refreshing WebApplicationContext for namespace 'springMVC-servlet': startup date [Fri Apr 15 16:25:41 CST 2016]; parent: Root WebApplicationContext
[金恒创智] 2016-04-15 16:25:41 [INFO ] (XmlBeanDefinitionReader:317) Loading XML bean definitions from URL [file:/G:/Workspace/manage_web/WebRoot/WEB-INF/classes/spring-web.xml]
[金恒创智] 2016-04-15 16:25:42 [INFO ] (DefaultAnnotationHandlerMapping:341) Mapped URL path [/articleController/queryArticlePageByCatalogId.action] onto handler 'articleController'
[金恒创智] 2016-04-15 16:25:42 [INFO ] (DefaultAnnotationHandlerMapping:341) Mapped URL path [/articleController/findArticlePageByCatalogId.action] onto handler 'articleController'
[金恒创智] 2016-04-15 16:25:42 [INFO ] (DefaultAnnotationHandlerMapping:341) Mapped URL path [/functionCatalog/queryFunctionCatalog.action] onto handler 'functionCatalogController'
[金恒创智] 2016-04-15 16:25:42 [INFO ] (DefaultAnnotationHandlerMapping:341) Mapped URL path [/greeting.action] onto handler 'helloController'
[金恒创智] 2016-04-15 16:25:42 [INFO ] (DefaultAnnotationHandlerMapping:341) Mapped URL path [/insertMessage.action] onto handler 'registerController'
[金恒创智] 2016-04-15 16:25:42 [INFO ] (DefaultAnnotationHandlerMapping:341) Mapped URL path [/getTicket.action] onto handler 'ticketController'
[金恒创智] 2016-04-15 16:25:42 [INFO ] (DispatcherServlet:507) FrameworkServlet 'springMVC': initialization completed in 936 ms
