[金恒创智] 2016-04-15 13:22:18 [INFO ] (ContextLoader:307) Root WebApplicationContext: initialization started
[金恒创智] 2016-04-15 13:22:18 [INFO ] (XmlWebApplicationContext:573) Refreshing Root WebApplicationContext: startup date [Fri Apr 15 13:22:18 CST 2016]; root of context hierarchy
[金恒创智] 2016-04-15 13:22:19 [INFO ] (XmlBeanDefinitionReader:317) Loading XML bean definitions from URL [file:/G:/Workspace/manage_web/WebRoot/WEB-INF/classes/spring-context.xml]
[金恒创智] 2016-04-15 13:22:19 [INFO ] (XmlBeanDefinitionReader:317) Loading XML bean definitions from URL [file:/G:/Workspace/manage_web/WebRoot/WEB-INF/classes/spring-mybatis.xml]
[金恒创智] 2016-04-15 13:22:19 [INFO ] (PropertyPlaceholderConfigurer:172) Loading properties file from class path resource [jdbc.properties]
[金恒创智] 2016-04-15 13:22:19 [INFO ] (ContextLoader:347) Root WebApplicationContext: initialization completed in 941 ms
[金恒创智] 2016-04-15 13:22:19 [INFO ] (ApplicationLifecycleListener:50) Starting application......
[金恒创智] 2016-04-15 13:22:19 [INFO ] (DispatcherServlet:488) FrameworkServlet 'springMVC': initialization started
[金恒创智] 2016-04-15 13:22:19 [INFO ] (XmlWebApplicationContext:573) Refreshing WebApplicationContext for namespace 'springMVC-servlet': startup date [Fri Apr 15 13:22:19 CST 2016]; parent: Root WebApplicationContext
[金恒创智] 2016-04-15 13:22:19 [INFO ] (XmlBeanDefinitionReader:317) Loading XML bean definitions from URL [file:/G:/Workspace/manage_web/WebRoot/WEB-INF/classes/spring-web.xml]
[金恒创智] 2016-04-15 13:22:20 [INFO ] (DefaultAnnotationHandlerMapping:341) Mapped URL path [/articleController/findArticlePageByCatalogId.action] onto handler 'articleController'
[金恒创智] 2016-04-15 13:22:20 [INFO ] (DefaultAnnotationHandlerMapping:341) Mapped URL path [/articleController/queryArticlePageByCatalogId.action] onto handler 'articleController'
[金恒创智] 2016-04-15 13:22:20 [INFO ] (DefaultAnnotationHandlerMapping:341) Mapped URL path [/functionCatalog/queryFunctionCatalog.action] onto handler 'functionCatalogController'
[金恒创智] 2016-04-15 13:22:20 [INFO ] (DefaultAnnotationHandlerMapping:341) Mapped URL path [/greeting.action] onto handler 'helloController'
[金恒创智] 2016-04-15 13:22:20 [INFO ] (DefaultAnnotationHandlerMapping:341) Mapped URL path [/insertMessage.action] onto handler 'registerController'
[金恒创智] 2016-04-15 13:22:20 [INFO ] (DefaultAnnotationHandlerMapping:341) Mapped URL path [/getTicket.action] onto handler 'ticketController'
[金恒创智] 2016-04-15 13:22:20 [INFO ] (DispatcherServlet:507) FrameworkServlet 'springMVC': initialization completed in 920 ms
[金恒创智] 2016-04-15 13:52:43 [INFO ] (ContextLoader:307) Root WebApplicationContext: initialization started
[金恒创智] 2016-04-15 13:52:43 [INFO ] (XmlWebApplicationContext:573) Refreshing Root WebApplicationContext: startup date [Fri Apr 15 13:52:43 CST 2016]; root of context hierarchy
[金恒创智] 2016-04-15 13:52:43 [INFO ] (XmlBeanDefinitionReader:317) Loading XML bean definitions from URL [file:/G:/Workspace/manage_web/WebRoot/WEB-INF/classes/spring-context.xml]
[金恒创智] 2016-04-15 13:52:43 [INFO ] (XmlBeanDefinitionReader:317) Loading XML bean definitions from URL [file:/G:/Workspace/manage_web/WebRoot/WEB-INF/classes/spring-mybatis.xml]
[金恒创智] 2016-04-15 13:52:43 [INFO ] (PropertyPlaceholderConfigurer:172) Loading properties file from class path resource [jdbc.properties]
[金恒创智] 2016-04-15 13:52:44 [INFO ] (ContextLoader:347) Root WebApplicationContext: initialization completed in 961 ms
[金恒创智] 2016-04-15 13:52:44 [INFO ] (ApplicationLifecycleListener:50) Starting application......
[金恒创智] 2016-04-15 13:52:44 [INFO ] (DispatcherServlet:488) FrameworkServlet 'springMVC': initialization started
[金恒创智] 2016-04-15 13:52:44 [INFO ] (XmlWebApplicationContext:573) Refreshing WebApplicationContext for namespace 'springMVC-servlet': startup date [Fri Apr 15 13:52:44 CST 2016]; parent: Root WebApplicationContext
[金恒创智] 2016-04-15 13:52:44 [INFO ] (XmlBeanDefinitionReader:317) Loading XML bean definitions from URL [file:/G:/Workspace/manage_web/WebRoot/WEB-INF/classes/spring-web.xml]
[金恒创智] 2016-04-15 13:52:45 [INFO ] (DefaultAnnotationHandlerMapping:341) Mapped URL path [/articleController/findArticlePageByCatalogId.action] onto handler 'articleController'
[金恒创智] 2016-04-15 13:52:45 [INFO ] (DefaultAnnotationHandlerMapping:341) Mapped URL path [/articleController/queryArticlePageByCatalogId.action] onto handler 'articleController'
[金恒创智] 2016-04-15 13:52:45 [INFO ] (DefaultAnnotationHandlerMapping:341) Mapped URL path [/functionCatalog/queryFunctionCatalog.action] onto handler 'functionCatalogController'
[金恒创智] 2016-04-15 13:52:45 [INFO ] (DefaultAnnotationHandlerMapping:341) Mapped URL path [/greeting.action] onto handler 'helloController'
[金恒创智] 2016-04-15 13:52:45 [INFO ] (DefaultAnnotationHandlerMapping:341) Mapped URL path [/insertMessage.action] onto handler 'registerController'
[金恒创智] 2016-04-15 13:52:45 [INFO ] (DefaultAnnotationHandlerMapping:341) Mapped URL path [/getTicket.action] onto handler 'ticketController'
[金恒创智] 2016-04-15 13:52:45 [INFO ] (DispatcherServlet:507) FrameworkServlet 'springMVC': initialization completed in 960 ms
