[金恒创智] 2016-04-15 14:09:53 [INFO ] (ContextLoader:307) Root WebApplicationContext: initialization started
[金恒创智] 2016-04-15 14:09:53 [INFO ] (XmlWebApplicationContext:573) Refreshing Root WebApplicationContext: startup date [Fri Apr 15 14:09:53 CST 2016]; root of context hierarchy
[金恒创智] 2016-04-15 14:09:53 [INFO ] (XmlBeanDefinitionReader:317) Loading XML bean definitions from URL [file:/G:/Workspace/manage_web/WebRoot/WEB-INF/classes/spring-context.xml]
[金恒创智] 2016-04-15 14:09:53 [INFO ] (XmlBeanDefinitionReader:317) Loading XML bean definitions from URL [file:/G:/Workspace/manage_web/WebRoot/WEB-INF/classes/spring-mybatis.xml]
[金恒创智] 2016-04-15 14:09:53 [INFO ] (PropertyPlaceholderConfigurer:172) Loading properties file from class path resource [jdbc.properties]
[金恒创智] 2016-04-15 14:09:53 [INFO ] (ContextLoader:347) Root WebApplicationContext: initialization completed in 971 ms
[金恒创智] 2016-04-15 14:09:53 [INFO ] (ApplicationLifecycleListener:50) Starting application......
[金恒创智] 2016-04-15 14:09:54 [INFO ] (DispatcherServlet:488) FrameworkServlet 'springMVC': initialization started
[金恒创智] 2016-04-15 14:09:54 [INFO ] (XmlWebApplicationContext:573) Refreshing WebApplicationContext for namespace 'springMVC-servlet': startup date [Fri Apr 15 14:09:54 CST 2016]; parent: Root WebApplicationContext
[金恒创智] 2016-04-15 14:09:54 [INFO ] (XmlBeanDefinitionReader:317) Loading XML bean definitions from URL [file:/G:/Workspace/manage_web/WebRoot/WEB-INF/classes/spring-web.xml]
[金恒创智] 2016-04-15 14:09:54 [INFO ] (DefaultAnnotationHandlerMapping:341) Mapped URL path [/articleController/queryArticlePageByCatalogId.action] onto handler 'articleController'
[金恒创智] 2016-04-15 14:09:54 [INFO ] (DefaultAnnotationHandlerMapping:341) Mapped URL path [/articleController/findArticlePageByCatalogId.action] onto handler 'articleController'
[金恒创智] 2016-04-15 14:09:54 [INFO ] (DefaultAnnotationHandlerMapping:341) Mapped URL path [/functionCatalog/queryFunctionCatalog.action] onto handler 'functionCatalogController'
[金恒创智] 2016-04-15 14:09:54 [INFO ] (DefaultAnnotationHandlerMapping:341) Mapped URL path [/greeting.action] onto handler 'helloController'
[金恒创智] 2016-04-15 14:09:54 [INFO ] (DefaultAnnotationHandlerMapping:341) Mapped URL path [/insertMessage.action] onto handler 'registerController'
[金恒创智] 2016-04-15 14:09:54 [INFO ] (DefaultAnnotationHandlerMapping:341) Mapped URL path [/getTicket.action] onto handler 'ticketController'
[金恒创智] 2016-04-15 14:09:54 [INFO ] (DispatcherServlet:507) FrameworkServlet 'springMVC': initialization completed in 940 ms
[金恒创智] 2016-04-15 14:43:49 [INFO ] (ContextLoader:307) Root WebApplicationContext: initialization started
[金恒创智] 2016-04-15 14:43:49 [INFO ] (XmlWebApplicationContext:573) Refreshing Root WebApplicationContext: startup date [Fri Apr 15 14:43:49 CST 2016]; root of context hierarchy
[金恒创智] 2016-04-15 14:43:49 [INFO ] (XmlBeanDefinitionReader:317) Loading XML bean definitions from URL [file:/G:/Workspace/manage_web/WebRoot/WEB-INF/classes/spring-context.xml]
[金恒创智] 2016-04-15 14:43:50 [INFO ] (XmlBeanDefinitionReader:317) Loading XML bean definitions from URL [file:/G:/Workspace/manage_web/WebRoot/WEB-INF/classes/spring-mybatis.xml]
[金恒创智] 2016-04-15 14:43:50 [INFO ] (PropertyPlaceholderConfigurer:172) Loading properties file from class path resource [jdbc.properties]
[金恒创智] 2016-04-15 14:43:50 [INFO ] (ContextLoader:347) Root WebApplicationContext: initialization completed in 963 ms
[金恒创智] 2016-04-15 14:43:50 [INFO ] (ApplicationLifecycleListener:50) Starting application......
[金恒创智] 2016-04-15 14:43:50 [INFO ] (DispatcherServlet:488) FrameworkServlet 'springMVC': initialization started
[金恒创智] 2016-04-15 14:43:50 [INFO ] (XmlWebApplicationContext:573) Refreshing WebApplicationContext for namespace 'springMVC-servlet': startup date [Fri Apr 15 14:43:50 CST 2016]; parent: Root WebApplicationContext
[金恒创智] 2016-04-15 14:43:50 [INFO ] (XmlBeanDefinitionReader:317) Loading XML bean definitions from URL [file:/G:/Workspace/manage_web/WebRoot/WEB-INF/classes/spring-web.xml]
[金恒创智] 2016-04-15 14:43:51 [INFO ] (DefaultAnnotationHandlerMapping:341) Mapped URL path [/articleController/findArticlePageByCatalogId.action] onto handler 'articleController'
[金恒创智] 2016-04-15 14:43:51 [INFO ] (DefaultAnnotationHandlerMapping:341) Mapped URL path [/articleController/queryArticlePageByCatalogId.action] onto handler 'articleController'
[金恒创智] 2016-04-15 14:43:51 [INFO ] (DefaultAnnotationHandlerMapping:341) Mapped URL path [/functionCatalog/queryFunctionCatalog.action] onto handler 'functionCatalogController'
[金恒创智] 2016-04-15 14:43:51 [INFO ] (DefaultAnnotationHandlerMapping:341) Mapped URL path [/greeting.action] onto handler 'helloController'
[金恒创智] 2016-04-15 14:43:51 [INFO ] (DefaultAnnotationHandlerMapping:341) Mapped URL path [/insertMessage.action] onto handler 'registerController'
[金恒创智] 2016-04-15 14:43:51 [INFO ] (DefaultAnnotationHandlerMapping:341) Mapped URL path [/getTicket.action] onto handler 'ticketController'
[金恒创智] 2016-04-15 14:43:51 [INFO ] (DispatcherServlet:507) FrameworkServlet 'springMVC': initialization completed in 950 ms
[金恒创智] 2016-04-15 14:59:21 [INFO ] (RegisterController:49) 开始执行 [com.jhcz.web.controller.RegisterController.insertMessage联系我们留言]
[金恒创智] 2016-04-15 14:59:25 [ERROR] (RegisterController:67) 
org.mybatis.spring.MyBatisSystemException: nested exception is org.apache.ibatis.type.TypeException: Could not set parameters for mapping: ParameterMapping{property='1', mode=IN, javaType=class java.lang.Object, jdbcType=null, numericScale=null, resultMapId='null', jdbcTypeName='null', expression='null'}. Cause: org.apache.ibatis.type.TypeException: Error setting null for parameter #2 with JdbcType OTHER . Try setting a different JdbcType for this parameter or a different jdbcTypeForNull configuration property. Cause: java.sql.SQLException: 无效的列类型: 1111
	at org.mybatis.spring.MyBatisExceptionTranslator.translateExceptionIfPossible(MyBatisExceptionTranslator.java:76)
	at org.mybatis.spring.SqlSessionTemplate$SqlSessionInterceptor.invoke(SqlSessionTemplate.java:399)
	at com.sun.proxy.$Proxy20.insert(Unknown Source)
	at org.mybatis.spring.SqlSessionTemplate.insert(SqlSessionTemplate.java:253)
	at org.apache.ibatis.binding.MapperMethod.execute(MapperMethod.java:52)
	at org.apache.ibatis.binding.MapperProxy.invoke(MapperProxy.java:53)
	at com.sun.proxy.$Proxy30.insertMessage(Unknown Source)
	at com.jhcz.web.service.impl.RegisterServiceImpl.insertMessage(RegisterServiceImpl.java:34)
	at com.jhcz.web.controller.RegisterController.insertMessage(RegisterController.java:25)
	at com.jhcz.web.controller.RegisterController$$FastClassBySpringCGLIB$$a45ee0cb.invoke(<generated>)
	at org.springframework.cglib.proxy.MethodProxy.invoke(MethodProxy.java:204)
	at org.springframework.aop.framework.CglibAopProxy$CglibMethodInvocation.invokeJoinpoint(CglibAopProxy.java:717)
	at org.springframework.aop.framework.ReflectiveMethodInvocation.proceed(ReflectiveMethodInvocation.java:157)
	at org.springframework.aop.aspectj.MethodInvocationProceedingJoinPoint.proceed(MethodInvocationProceedingJoinPoint.java:85)
	at com.jhcz.web.aspect.BaseInterceptor.AroundExcute(BaseInterceptor.java:54)
	at sun.reflect.NativeMethodAccessorImpl.invoke0(Native Method)
	at sun.reflect.NativeMethodAccessorImpl.invoke(NativeMethodAccessorImpl.java:57)
	at sun.reflect.DelegatingMethodAccessorImpl.invoke(DelegatingMethodAccessorImpl.java:43)
	at java.lang.reflect.Method.invoke(Method.java:606)
	at org.springframework.aop.aspectj.AbstractAspectJAdvice.invokeAdviceMethodWithGivenArgs(AbstractAspectJAdvice.java:621)
	at org.springframework.aop.aspectj.AbstractAspectJAdvice.invokeAdviceMethod(AbstractAspectJAdvice.java:610)
	at org.springframework.aop.aspectj.AspectJAroundAdvice.invoke(AspectJAroundAdvice.java:68)
	at org.springframework.aop.framework.ReflectiveMethodInvocation.proceed(ReflectiveMethodInvocation.java:179)
	at org.springframework.aop.aspectj.AspectJAfterAdvice.invoke(AspectJAfterAdvice.java:43)
	at org.springframework.aop.framework.ReflectiveMethodInvocation.proceed(ReflectiveMethodInvocation.java:179)
	at org.springframework.aop.interceptor.ExposeInvocationInterceptor.invoke(ExposeInvocationInterceptor.java:92)
	at org.springframework.aop.framework.ReflectiveMethodInvocation.proceed(ReflectiveMethodInvocation.java:179)
	at org.springframework.aop.framework.CglibAopProxy$DynamicAdvisedInterceptor.intercept(CglibAopProxy.java:653)
	at com.jhcz.web.controller.RegisterController$$EnhancerBySpringCGLIB$$d95b762a.insertMessage(<generated>)
	at sun.reflect.NativeMethodAccessorImpl.invoke0(Native Method)
	at sun.reflect.NativeMethodAccessorImpl.invoke(NativeMethodAccessorImpl.java:57)
	at sun.reflect.DelegatingMethodAccessorImpl.invoke(DelegatingMethodAccessorImpl.java:43)
	at java.lang.reflect.Method.invoke(Method.java:606)
	at org.springframework.web.bind.annotation.support.HandlerMethodInvoker.invokeHandlerMethod(HandlerMethodInvoker.java:178)
	at org.springframework.web.servlet.mvc.annotation.AnnotationMethodHandlerAdapter.invokeHandlerMethod(AnnotationMethodHandlerAdapter.java:442)
	at org.springframework.web.servlet.mvc.annotation.AnnotationMethodHandlerAdapter.handle(AnnotationMethodHandlerAdapter.java:430)
	at org.springframework.web.servlet.DispatcherServlet.doDispatch(DispatcherServlet.java:959)
	at org.springframework.web.servlet.DispatcherServlet.doService(DispatcherServlet.java:893)
	at org.springframework.web.servlet.FrameworkServlet.processRequest(FrameworkServlet.java:970)
	at org.springframework.web.servlet.FrameworkServlet.doPost(FrameworkServlet.java:872)
	at javax.servlet.http.HttpServlet.service(HttpServlet.java:153)
	at org.springframework.web.servlet.FrameworkServlet.service(FrameworkServlet.java:846)
	at javax.servlet.http.HttpServlet.service(HttpServlet.java:91)
	at com.caucho.server.dispatch.ServletFilterChain.doFilter(ServletFilterChain.java:103)
	at org.springframework.web.filter.CharacterEncodingFilter.doFilterInternal(CharacterEncodingFilter.java:85)
	at org.springframework.web.filter.OncePerRequestFilter.doFilter(OncePerRequestFilter.java:107)
	at com.caucho.server.dispatch.FilterFilterChain.doFilter(FilterFilterChain.java:87)
	at com.caucho.server.webapp.WebAppFilterChain.doFilter(WebAppFilterChain.java:187)
	at com.caucho.server.dispatch.ServletInvocation.service(ServletInvocation.java:265)
	at com.caucho.server.http.HttpRequest.handleRequest(HttpRequest.java:273)
	at com.caucho.server.port.TcpConnection.run(TcpConnection.java:682)
	at com.caucho.util.ThreadPool$Item.runTasks(ThreadPool.java:743)
	at com.caucho.util.ThreadPool$Item.run(ThreadPool.java:662)
	at java.lang.Thread.run(Thread.java:745)
Caused by: org.apache.ibatis.type.TypeException: Could not set parameters for mapping: ParameterMapping{property='1', mode=IN, javaType=class java.lang.Object, jdbcType=null, numericScale=null, resultMapId='null', jdbcTypeName='null', expression='null'}. Cause: org.apache.ibatis.type.TypeException: Error setting null for parameter #2 with JdbcType OTHER . Try setting a different JdbcType for this parameter or a different jdbcTypeForNull configuration property. Cause: java.sql.SQLException: 无效的列类型: 1111
	at org.apache.ibatis.scripting.defaults.DefaultParameterHandler.setParameters(DefaultParameterHandler.java:89)
	at org.apache.ibatis.executor.statement.PreparedStatementHandler.parameterize(PreparedStatementHandler.java:85)
	at org.apache.ibatis.executor.statement.RoutingStatementHandler.parameterize(RoutingStatementHandler.java:63)
	at org.apache.ibatis.executor.SimpleExecutor.prepareStatement(SimpleExecutor.java:77)
	at org.apache.ibatis.executor.SimpleExecutor.doUpdate(SimpleExecutor.java:48)
	at org.apache.ibatis.executor.BaseExecutor.update(BaseExecutor.java:115)
	at org.apache.ibatis.executor.CachingExecutor.update(CachingExecutor.java:75)
	at sun.reflect.NativeMethodAccessorImpl.invoke0(Native Method)
	at sun.reflect.NativeMethodAccessorImpl.invoke(NativeMethodAccessorImpl.java:57)
	at sun.reflect.DelegatingMethodAccessorImpl.invoke(DelegatingMethodAccessorImpl.java:43)
	at java.lang.reflect.Method.invoke(Method.java:606)
	at org.apache.ibatis.plugin.Plugin.invoke(Plugin.java:63)
	at com.sun.proxy.$Proxy46.update(Unknown Source)
	at org.apache.ibatis.session.defaults.DefaultSqlSession.update(DefaultSqlSession.java:170)
	at org.apache.ibatis.session.defaults.DefaultSqlSession.insert(DefaultSqlSession.java:157)
	at sun.reflect.NativeMethodAccessorImpl.invoke0(Native Method)
	at sun.reflect.NativeMethodAccessorImpl.invoke(NativeMethodAccessorImpl.java:57)
	at sun.reflect.DelegatingMethodAccessorImpl.invoke(DelegatingMethodAccessorImpl.java:43)
	at java.lang.reflect.Method.invoke(Method.java:606)
	at org.mybatis.spring.SqlSessionTemplate$SqlSessionInterceptor.invoke(SqlSessionTemplate.java:386)
	... 52 more
Caused by: org.apache.ibatis.type.TypeException: Error setting null for parameter #2 with JdbcType OTHER . Try setting a different JdbcType for this parameter or a different jdbcTypeForNull configuration property. Cause: java.sql.SQLException: 无效的列类型: 1111
	at org.apache.ibatis.type.BaseTypeHandler.setParameter(BaseTypeHandler.java:47)
	at org.apache.ibatis.scripting.defaults.DefaultParameterHandler.setParameters(DefaultParameterHandler.java:87)
	... 71 more
Caused by: java.sql.SQLException: 无效的列类型: 1111
	at oracle.jdbc.driver.OracleStatement.getInternalType(OracleStatement.java:3963)
	at oracle.jdbc.driver.OraclePreparedStatement.setNullCritical(OraclePreparedStatement.java:4596)
	at oracle.jdbc.driver.OraclePreparedStatement.setNull(OraclePreparedStatement.java:4578)
	at oracle.jdbc.driver.OraclePreparedStatementWrapper.setNull(OraclePreparedStatementWrapper.java:1285)
	at org.apache.commons.dbcp.DelegatingPreparedStatement.setNull(DelegatingPreparedStatement.java:108)
	at org.apache.commons.dbcp.DelegatingPreparedStatement.setNull(DelegatingPreparedStatement.java:108)
	at org.apache.ibatis.type.BaseTypeHandler.setParameter(BaseTypeHandler.java:45)
	... 72 more
